Removed Pin From Net: NetName=NetK2_A Pin=K2-B
Removed Pin From Net: NetName=NetK2_A Pin=K2-E
Removed Pin From Net: NetName=NetK2_A Pin=R16-1
Removed Pin From Net: NetName=NetK2_A Pin=R18-1
Change Component Comment : Designator=R13 Old Comment=10k New Comment=5.1k
Change Component Designator: OldDesignator=R13 NewDesignator=R14
Change Component Designator: OldDesignator=R14 NewDesignator=R16
Change Component Designator: OldDesignator=R15 NewDesignator=R17
Change Component Designator: OldDesignator=R16 NewDesignator=R18
Change Component Designator: OldDesignator=R17 NewDesignator=R19
Change Component Designator: OldDesignator=R18 NewDesignator=R20
Added Component: Designator=R13(0603-RES)
Added Component: Designator=R15(0603-RES)
Added Pin To Net: NetName=3.3V Pin=R13-1
Added Pin To Net: NetName=3.3V Pin=R15-1
Added Pin To Net: NetName=NetK2_B Pin=K2-B
Added Pin To Net: NetName=NetK2_B Pin=R15-2
Added Pin To Net: NetName=NetK2_B Pin=R20-1
Added Net: Name=NetK2_B
Added Pin To Net: NetName=NetK2_E Pin=K2-E
Added Pin To Net: NetName=NetK2_E Pin=R13-2
Added Pin To Net: NetName=NetK2_E Pin=R18-1
Added Net: Name=NetK2_E
